make all --print-data-base --no-builtin-variables --no-builtin-rules --question
make: *** No rule to make target 'all'.  Stop.
 
# GNU Make 4.3
# Built for x86_64-pc-linux-gnu
# Copyright (C) 1988-2020 Free Software Foundation, Inc.
# License GPLv3+: GNU GPL version 3 or later <http://gnu.org/licenses/gpl.html>
# This is free software: you are free to change and redistribute it.
# There is NO WARRANTY, to the extent permitted by law.

# Make data base, printed on Tue Mar 15 11:06:39 2022

# Variables

# environment
GDK_BACKEND = x11
# environment
LC_ALL = C
# environment
VSCODE_IPC_HOOK_EXTHOST = /run/user/1000/vscode-ipc-8a2b44b8-29ea-49d4-a106-b3bdd2f89bb5.sock
# environment
MANDATORY_PATH = /usr/share/gconf/xfce.mandatory.path
# environment
VSCODE_CWD = /home/caffeine
# environment
ZSH_CACHE_DIR = /home/caffeine/.cache/zinit
# environment
NVM_DIR = /home/caffeine/.config/nvm
# environment
GDM_LANG = ja_JP
# default
MAKE_COMMAND := make
# environment
GTK3_MODULES = xapp-gtk3-module
# environment
QT_ACCESSIBILITY = 1
# environment
ZPFX = /home/caffeine/.local/share/zinit/polaris
# automatic
@D = $(patsubst %/,%,$(dir $@))
# environment
VSCODE_HANDLES_UNCAUGHT_ERRORS = true
# default
.VARIABLES := 
# environment
PWD = /home/caffeine/DevelopEnv/git_repos/vulkan/FirstTriangle
# automatic
%D = $(patsubst %/,%,$(dir $%))
# environment
XDG_DATA_DIRS = /usr/share/xfce4:/usr/local/share:/usr/share:/var/lib/snapd/desktop:/usr/share
# environment
OLDPWD = /home/caffeine
# automatic
^D = $(patsubst %/,%,$(dir $^))
# environment
VSCODE_LOG_STACK = false
# automatic
%F = $(notdir $%)
# environment
NVM_INC = /home/caffeine/.config/nvm/versions/node/v16.14.0/include/node
# environment
VSCODE_CODE_CACHE_PATH = /home/caffeine/.config/Code/CachedData/8908a9ca0f221f36507231afb39d2d8d1e182702
# environment
XDG_SESSION_PATH = /org/freedesktop/DisplayManager/Session0
# environment
LANG = C
# environment
XAUTHORITY = /home/caffeine/.Xauthority
# default
.LOADED := 
# environment
COCOS_CONSOLE_ROOT = /home/caffeine/Downloads/cocos2d-x-4.0/tools/cocos2d-console/bin
# default
.INCLUDE_DIRS = /usr/local/include /usr/include /usr/include
# environment
COCOS_X_ROOT = /home/caffeine/Downloads
# makefile
MAKEFLAGS = pqrR
# environment
PMSPEC = 0uUpiPsf
# makefile
CURDIR := /home/caffeine/DevelopEnv/git_repos/vulkan/FirstTriangle
# environment
VSCODE_PIPE_LOGGING = true
# environment
APPLICATION_INSIGHTS_NO_DIAGNOSTIC_CHANNEL = 1
# automatic
*D = $(patsubst %/,%,$(dir $*))
# environment
MFLAGS = -pqrR
# environment
SSH_AUTH_SOCK = /tmp/ssh-R2I5Po2iG5CL/agent.2866
# default
.SHELLFLAGS := -c
# environment
NVM_BIN = /home/caffeine/.config/nvm/versions/node/v16.14.0/bin
# environment
XDG_CONFIG_DIRS = /etc/xdg/xdg-xfce:/etc/xdg:/etc/xdg
# automatic
+D = $(patsubst %/,%,$(dir $+))
# environment
P9K_SSH = 0
# environment
XDG_SESSION_DESKTOP = xfce
# makefile (from 'Makefile', line 1)
MAKEFILE_LIST := Makefile
# automatic
@F = $(notdir $@)
# environment
VSCODE_VERBOSE_LOGGING = true
# environment
VSCODE_PID = 33231
# environment
XDG_SESSION_TYPE = x11
# automatic
?D = $(patsubst %/,%,$(dir $?))
# environment
SESSION_MANAGER = local/caffeine-OneMix4-XUbuntu21:@/tmp/.ICE-unix/2668,unix/caffeine-OneMix4-XUbuntu21:/tmp/.ICE-unix/2668
# automatic
*F = $(notdir $*)
# environment
CHROME_DESKTOP = code-url-handler.desktop
# environment
DBUS_SESSION_BUS_ADDRESS = unix:path=/run/user/1000/bus
# automatic
<D = $(patsubst %/,%,$(dir $<))
# environment
VSCODE_NLS_CONFIG = {"locale":"ja","availableLanguages":{"*":"ja"},"_languagePackId":"646b6a05d0f72b7ee7f2421d552e285c.ja","_translationsConfigFile":"/home/caffeine/.config/Code/clp/646b6a05d0f72b7ee7f2421d552e285c.ja/tcf.json","_cacheRoot":"/home/caffeine/.config/Code/clp/646b6a05d0f72b7ee7f2421d552e285c.ja","_resolvedLanguagePackCoreLocation":"/home/caffeine/.config/Code/clp/646b6a05d0f72b7ee7f2421d552e285c.ja/8908a9ca0f221f36507231afb39d2d8d1e182702","_corruptedFile":"/home/caffeine/.config/Code/clp/646b6a05d0f72b7ee7f2421d552e285c.ja/corrupted.info","_languagePackSupport":true}
# default
MAKE_HOST := x86_64-pc-linux-gnu
# makefile
SHELL = /bin/sh
# default
MAKECMDGOALS := all
# environment
XMODIFIERS = @im=fcitx
# environment
SHLVL = 0
# environment
MAKELEVEL := 0
# default
MAKE = $(MAKE_COMMAND)
# environment
PATH = /home/caffeine/.config/nvm/versions/node/v16.14.0/bin:/home/caffeine/Downloads/cocos2d-x-4.0/templates:/home/caffeine/Downloads:/home/caffeine/Downloads/cocos2d-x-4.0/tools/cocos2d-console/bin:/home/caffeine/.local/share/zinit/polaris/bin:/home/caffeine/.pyenv/plugins/pyenv-virtualenv/shims:/home/caffeine/.pyenv/shims:/home/caffeine/.pyenv/bin:/home/caffeine/.cargo/bin:/usr/local/sbin:/usr/local/bin:/usr/sbin:/usr/bin:/sbin:/bin:/usr/games:/usr/local/games:/snap/bin:/opt:/home/caffeine/Documents/MyScripts
# default
MAKEFILES := 
# environment
LANGUAGE = ja_JP
# automatic
^F = $(notdir $^)
# environment
PYENV_VIRTUALENV_INIT = 1
# environment
XDG_CONFIG_HOME = /home/caffeine/.config
# environment
VSCODE_LOG_NATIVE = false
# automatic
?F = $(notdir $?)
# environment
XDG_SEAT = seat0
# environment
GTK_IM_MODULE = fcitx
# environment
XDG_CURRENT_DESKTOP = XFCE
# automatic
+F = $(notdir $+)
# environment
XDG_SEAT_PATH = /org/freedesktop/DisplayManager/Seat0
# environment
DESKTOP_SESSION = xfce
# environment
ORIGINAL_XDG_CURRENT_DESKTOP = XFCE
# 'override' directive
GNUMAKEFLAGS := 
# environment
CLUTTER_IM_MODULE = fcitx
# environment
LOGNAME = caffeine
# environment
XDG_VTNR = 7
# makefile
.DEFAULT_GOAL := VulkanTest
# environment
EDITOR = /opt/nvim.appimage
# environment
DISPLAY = :0.0
# environment
USER = caffeine
# environment
DEFAULTS_PATH = /usr/share/gconf/xfce.default.path
# default
MAKE_VERSION := 4.3
# environment
COCOS_TEMPLATES_ROOT = /home/caffeine/Downloads/cocos2d-x-4.0/templates
# makefile (from 'Makefile', line 2)
LDFLAGS = -lglfw -lvulkan -ldl -lpthread -lX11 -lXxf86vm -lXrandr -lXi
# environment
SSH_AGENT_PID = 2867
# environment
_ = /usr/share/code/code
# environment
XDG_RUNTIME_DIR = /run/user/1000
# makefile (from 'Makefile', line 1)
CFLAGS = -std=c++17 -O2 -fdiagnostics-color=always -g
# environment
NVM_CD_FLAGS = -q
# environment
XDG_SESSION_CLASS = user
# environment
VSCODE_AMD_ENTRYPOINT = vs/workbench/api/node/extensionHostProcess
# environment
HOME = /home/caffeine
# environment
QT_IM_MODULE = fcitx
# environment
ELECTRON_RUN_AS_NODE = 1
# environment
VSCODE_IPC_HOOK = /run/user/1000/vscode-610d9c15-1.65.1-main.sock
# environment
XDG_SESSION_ID = c2
# environment
PANEL_GDK_CORE_DEVICE_EVENTS = 0
# default
.RECIPEPREFIX := 
# automatic
<F = $(notdir $<)
# default
SUFFIXES := 
# environment
XDG_GREETER_DATA_DIR = /var/lib/lightdm-data/caffeine
# default
.FEATURES := target-specific order-only second-expansion else-if shortest-stem undefine oneshell nocomment grouped-target extra-prereqs archives jobserver output-sync check-symlink load
# environment
XDG_MENU_PREFIX = xfce-
# environment
GDMSESSION = xfce
# variable set hash-table stats:
# Load=111/1024=11%, Rehash=0, Collisions=10/141=7%

# Pattern-specific Variable Values

# No pattern-specific variable values.

# Directories

# . (device 66311, inode 3281532): 8 files, no impossibilities.

# 8 files, no impossibilities in 1 directories.

# Implicit Rules

# No implicit rules.

# Files

VulkanTest: main.cpp
#  Implicit rule search has not been done.
#  Modification time never checked.
#  File has not been updated.
#  recipe to execute (from 'Makefile', line 5):
	g++ $(CFLAGS) -o app main.cpp FirstTriangleApp.cpp $(LDFLAGS)

# Not a target:
Makefile:
#  Implicit rule search has been done.
#  Last modified 2022-03-15 10:43:17.023139
#  File has been updated.
#  Successfully updated.

clean:
#  Phony target (prerequisite of .PHONY).
#  Implicit rule search has not been done.
#  File does not exist.
#  File has not been updated.
#  recipe to execute (from 'Makefile', line 13):
	rm -f VulkanTest

# Not a target:
.DEFAULT:
#  Implicit rule search has not been done.
#  Modification time never checked.
#  File has not been updated.

# Not a target:
all:
#  Command line target.
#  Implicit rule search has been done.
#  File does not exist.
#  File has not been updated.

# Not a target:
main.cpp:
#  Implicit rule search has not been done.
#  Modification time never checked.
#  File has not been updated.

test: VulkanTest
#  Phony target (prerequisite of .PHONY).
#  Implicit rule search has not been done.
#  File does not exist.
#  File has not been updated.
#  recipe to execute (from 'Makefile', line 10):
 
	./VulkanTest

.PHONY: test clean
#  Implicit rule search has not been done.
#  Modification time never checked.
#  File has not been updated.

# files hash-table stats:
# Load=9/1024=1%, Rehash=0, Collisions=0/25=0%
# VPATH Search Paths

# No 'vpath' search paths.

# No general ('VPATH' variable) search path.

# strcache buffers: 1 (0) / strings = 17 / storage = 161 B / avg = 9 B
# current buf: size = 8162 B / used = 161 B / count = 17 / avg = 9 B

# strcache performance: lookups = 29 / hit rate = 41%
# hash-table stats:
# Load=17/8192=0%, Rehash=0, Collisions=0/29=0%
# Finished Make data base on Tue Mar 15 11:06:39 2022

 
